<?xml version="1.0" encoding="UTF-8"?>
<testng-results skipped="0" failed="0" total="4" passed="4">
  <reporter-output>
  </reporter-output>
  <suite name="BlogSuite" duration-ms="77" started-at="2020-09-01T21:30:31Z" finished-at="2020-09-01T21:30:31Z">
    <groups>
    </groups>
    <test name="testngtests" duration-ms="77" started-at="2020-09-01T21:30:31Z" finished-at="2020-09-01T21:30:31Z">
      <class name="com.tests.Annotations2">
        <test-method status="PASS" signature="test3()[pri:0, instance:com.tests.Annotations2@5622fdf]" name="test3" is-config="true" duration-ms="1" started-at="2020-09-01T17:30:31Z" finished-at="2020-09-01T17:30:31Z">
          <reporter-output>
          </reporter-output>
        </test-method> <!-- test3 -->
        <test-method status="PASS" signature="test4()[pri:0, instance:com.tests.Annotations2@5622fdf]" name="test4" is-config="true" duration-ms="1" started-at="2020-09-01T17:30:31Z" finished-at="2020-09-01T17:30:31Z">
          <reporter-output>
          </reporter-output>
        </test-method> <!-- test4 -->
        <test-method status="PASS" signature="test6()[pri:0, instance:com.tests.Annotations2@5622fdf]" name="test6" duration-ms="12" started-at="2020-09-01T17:30:31Z" finished-at="2020-09-01T17:30:31Z">
          <reporter-output>
          </reporter-output>
        </test-method> <!-- test6 -->
        <test-method status="PASS" signature="test10()[pri:0, instance:com.tests.Annotations2@5622fdf]" name="test10" is-config="true" duration-ms="1" started-at="2020-09-01T17:30:31Z" finished-at="2020-09-01T17:30:31Z">
          <reporter-output>
          </reporter-output>
        </test-method> <!-- test10 -->
        <test-method status="PASS" signature="test4()[pri:0, instance:com.tests.Annotations2@5622fdf]" name="test4" is-config="true" duration-ms="1" started-at="2020-09-01T17:30:31Z" finished-at="2020-09-01T17:30:31Z">
          <reporter-output>
          </reporter-output>
        </test-method> <!-- test4 -->
        <test-method status="PASS" signature="test20()[pri:0, instance:com.tests.Annotations2@5622fdf]" name="test20" duration-ms="3" started-at="2020-09-01T17:30:31Z" finished-at="2020-09-01T17:30:31Z">
          <reporter-output>
          </reporter-output>
        </test-method> <!-- test20 -->
        <test-method status="PASS" signature="test10()[pri:0, instance:com.tests.Annotations2@5622fdf]" name="test10" is-config="true" duration-ms="1" started-at="2020-09-01T17:30:31Z" finished-at="2020-09-01T17:30:31Z">
          <reporter-output>
          </reporter-output>
        </test-method> <!-- test10 -->
        <test-method status="PASS" signature="test9()[pri:0, instance:com.tests.Annotations2@5622fdf]" name="test9" is-config="true" duration-ms="1" started-at="2020-09-01T17:30:31Z" finished-at="2020-09-01T17:30:31Z">
          <reporter-output>
          </reporter-output>
        </test-method> <!-- test9 -->
      </class> <!-- com.tests.Annotations2 -->
      <class name="com.tests.Annotations">
        <test-method status="PASS" signature="test1()[pri:0, instance:com.tests.Annotations@e25b2fe]" name="test1" is-config="true" duration-ms="7" started-at="2020-09-01T17:30:31Z" finished-at="2020-09-01T17:30:31Z">
          <reporter-output>
          </reporter-output>
        </test-method> <!-- test1 -->
        <test-method status="PASS" signature="test1()[pri:0, instance:com.tests.Annotations2@5622fdf]" name="test1" is-config="true" duration-ms="0" started-at="2020-09-01T17:30:31Z" finished-at="2020-09-01T17:30:31Z">
          <reporter-output>
          </reporter-output>
        </test-method> <!-- test1 -->
        <test-method status="PASS" signature="test2()[pri:0, instance:com.tests.Annotations@e25b2fe]" name="test2" is-config="true" duration-ms="0" started-at="2020-09-01T17:30:31Z" finished-at="2020-09-01T17:30:31Z">
          <reporter-output>
          </reporter-output>
        </test-method> <!-- test2 -->
        <test-method status="PASS" signature="test2()[pri:0, instance:com.tests.Annotations2@5622fdf]" name="test2" is-config="true" duration-ms="1" started-at="2020-09-01T17:30:31Z" finished-at="2020-09-01T17:30:31Z">
          <reporter-output>
          </reporter-output>
        </test-method> <!-- test2 -->
        <test-method status="PASS" signature="test3()[pri:0, instance:com.tests.Annotations@e25b2fe]" name="test3" is-config="true" duration-ms="9" started-at="2020-09-01T17:30:31Z" finished-at="2020-09-01T17:30:31Z">
          <reporter-output>
          </reporter-output>
        </test-method> <!-- test3 -->
        <test-method status="PASS" signature="test4()[pri:0, instance:com.tests.Annotations@e25b2fe]" name="test4" is-config="true" duration-ms="7" started-at="2020-09-01T17:30:31Z" finished-at="2020-09-01T17:30:31Z">
          <reporter-output>
          </reporter-output>
        </test-method> <!-- test4 -->
        <test-method status="PASS" signature="test6()[pri:0, instance:com.tests.Annotations@e25b2fe]" name="test6" duration-ms="11" started-at="2020-09-01T17:30:31Z" finished-at="2020-09-01T17:30:31Z">
          <reporter-output>
          </reporter-output>
        </test-method> <!-- test6 -->
        <test-method status="PASS" signature="test4()[pri:0, instance:com.tests.Annotations@e25b2fe]" name="test4" is-config="true" duration-ms="5" started-at="2020-09-01T17:30:31Z" finished-at="2020-09-01T17:30:31Z">
          <reporter-output>
          </reporter-output>
        </test-method> <!-- test4 -->
        <test-method status="PASS" signature="test10()[pri:0, instance:com.tests.Annotations@e25b2fe]" name="test10" is-config="true" duration-ms="1" started-at="2020-09-01T17:30:31Z" finished-at="2020-09-01T17:30:31Z">
          <reporter-output>
          </reporter-output>
        </test-method> <!-- test10 -->
        <test-method status="PASS" signature="test20()[pri:0, instance:com.tests.Annotations@e25b2fe]" name="test20" duration-ms="4" started-at="2020-09-01T17:30:31Z" finished-at="2020-09-01T17:30:31Z">
          <reporter-output>
          </reporter-output>
        </test-method> <!-- test20 -->
        <test-method status="PASS" signature="test10()[pri:0, instance:com.tests.Annotations@e25b2fe]" name="test10" is-config="true" duration-ms="1" started-at="2020-09-01T17:30:31Z" finished-at="2020-09-01T17:30:31Z">
          <reporter-output>
          </reporter-output>
        </test-method> <!-- test10 -->
        <test-method status="PASS" signature="test9()[pri:0, instance:com.tests.Annotations@e25b2fe]" name="test9" is-config="true" duration-ms="1" started-at="2020-09-01T17:30:31Z" finished-at="2020-09-01T17:30:31Z">
          <reporter-output>
          </reporter-output>
        </test-method> <!-- test9 -->
        <test-method status="PASS" signature="test8()[pri:0, instance:com.tests.Annotations2@5622fdf]" name="test8" is-config="true" duration-ms="0" started-at="2020-09-01T17:30:31Z" finished-at="2020-09-01T17:30:31Z">
          <reporter-output>
          </reporter-output>
        </test-method> <!-- test8 -->
        <test-method status="PASS" signature="test8()[pri:0, instance:com.tests.Annotations@e25b2fe]" name="test8" is-config="true" duration-ms="0" started-at="2020-09-01T17:30:31Z" finished-at="2020-09-01T17:30:31Z">
          <reporter-output>
          </reporter-output>
        </test-method> <!-- test8 -->
        <test-method status="PASS" signature="aftersuite()[pri:0, instance:com.tests.Annotations2@5622fdf]" name="aftersuite" is-config="true" duration-ms="1" started-at="2020-09-01T17:30:31Z" finished-at="2020-09-01T17:30:31Z">
          <reporter-output>
          </reporter-output>
        </test-method> <!-- aftersuite -->
        <test-method status="PASS" signature="aftersuite()[pri:0, instance:com.tests.Annotations@e25b2fe]" name="aftersuite" is-config="true" duration-ms="0" started-at="2020-09-01T17:30:31Z" finished-at="2020-09-01T17:30:31Z">
          <reporter-output>
          </reporter-output>
        </test-method> <!-- aftersuite -->
      </class> <!-- com.tests.Annotations -->
    </test> <!-- testngtests -->
  </suite> <!-- BlogSuite -->
</testng-results>
