<?xml version="1.0" encoding="UTF-8"?>
<!-- Generated by org.testng.reporters.JUnitXMLReporter -->
<testsuite hostname="DESKTOP-HEEPTMR" name="FirefoxBrowserAutomationTests" tests="1" failures="0" timestamp="2 Sep 2020 17:28:51 GMT" time="0.109" errors="0">
  <testcase name="@BeforeMethod initiateDriver" time="0.0" classname="com.tests.AmazonSearchTest">
    <failure type="java.lang.NullPointerException">
      <![CDATA[java.lang.NullPointerException
	at com.Grid.Core.BrowserDriver.getDriver(BrowserDriver.java:61)
	at com.Grid.Core.Base.initiateDriver(Base.java:43)
	at java.util.concurrent.ThreadPoolExecutor.runWorker(ThreadPoolExecutor.java:1149)
	at java.util.concurrent.ThreadPoolExecutor$Worker.run(ThreadPoolExecutor.java:624)
	at java.lang.Thread.run(Thread.java:748)
... Removed 12 stack frames]]>
    </failure>
  </testcase> <!-- @BeforeMethod initiateDriver -->
  <testcase name="@AfterMethod StopDriver" time="0.0" classname="com.tests.AmazonSearchTest">
    <skipped/>
  </testcase> <!-- @AfterMethod StopDriver -->
  <testcase name="advanceSearch" time="0.002" classname="com.tests.AmazonSearchTest">
    <skipped/>
  </testcase> <!-- advanceSearch -->
</testsuite> <!-- FirefoxBrowserAutomationTests -->
